<?xml version="1.0" encoding="UTF-8" ?>
<testsuite tests="6" failures="0" name="Testing.PedidoTest" time="1.783" errors="0" skipped="0">
  <properties>
    <property name="idea.version" value="2020.3.1"/>
    <property name="java.runtime.name" value="OpenJDK Runtime Environment"/>
    <property name="java.vm.version" value="15.0.1+9-18"/>
    <property name="sun.boot.library.path" value="/home/edison7905/.jdks/openjdk-15.0.1/lib"/>
    <property name="maven.multiModuleProjectDirectory" value="/home/edison7905/IdeaProjects/ProgramacionExtremaG2"/>
    <property name="java.vm.vendor" value="Oracle Corporation"/>
    <property name="java.vendor.url" value="https://java.oracle.com/"/>
    <property name="guice.disable.misplaced.annotation.check" value="true"/>
    <property name="path.separator" value=":"/>
    <property name="java.vm.name" value="OpenJDK 64-Bit Server VM"/>
    <property name="user.country" value="EC"/>
    <property name="sun.java.launcher" value="SUN_STANDARD"/>
    <property name="java.vm.specification.name" value="Java Virtual Machine Specification"/>
    <property name="user.dir" value="/home/edison7905/IdeaProjects/ProgramacionExtremaG2"/>
    <property name="java.vm.compressedOopsMode" value="Zero based"/>
    <property name="java.runtime.version" value="15.0.1+9-18"/>
    <property name="os.arch" value="amd64"/>
    <property name="java.io.tmpdir" value="/tmp"/>
    <property name="line.separator" value="
"/>
    <property name="java.vm.specification.vendor" value="Oracle Corporation"/>
    <property name="os.name" value="Linux"/>
    <property name="maven.ext.class.path" value="/home/edison7905/Documentos/ideaIU/plugins/maven/lib/maven-event-listener.jar"/>
    <property name="classworlds.conf" value="/home/edison7905/Documentos/ideaIU/plugins/maven/lib/maven3/bin/m2.conf"/>
    <property name="sun.jnu.encoding" value="UTF-8"/>
    <property name="java.library.path" value="/usr/java/packages/lib:/usr/lib64:/lib64:/lib:/usr/lib"/>
    <property name="maven.conf" value="/home/edison7905/Documentos/ideaIU/plugins/maven/lib/maven3/conf"/>
    <property name="jdk.debug" value="release"/>
    <property name="java.class.version" value="59.0"/>
    <property name="java.specification.name" value="Java Platform API Specification"/>
    <property name="sun.management.compiler" value="HotSpot 64-Bit Tiered Compilers"/>
    <property name="os.version" value="5.10.7-200.fc33.x86_64"/>
    <property name="user.home" value="/home/edison7905"/>
    <property name="user.timezone" value="America/Guayaquil"/>
    <property name="file.encoding" value="UTF-8"/>
    <property name="java.specification.version" value="15"/>
    <property name="user.name" value="edison7905"/>
    <property name="java.class.path" value="/home/edison7905/Documentos/ideaIU/plugins/maven/lib/maven3/boot/plexus-classworlds-2.6.0.jar:/home/edison7905/Documentos/ideaIU/plugins/maven/lib/maven3/boot/plexus-classworlds.license"/>
    <property name="java.vm.specification.version" value="15"/>
    <property name="sun.arch.data.model" value="64"/>
    <property name="sun.java.command" value="org.codehaus.classworlds.Launcher -Didea.version=2020.3.1 package"/>
    <property name="java.home" value="/home/edison7905/.jdks/openjdk-15.0.1"/>
    <property name="user.language" value="es"/>
    <property name="java.specification.vendor" value="Oracle Corporation"/>
    <property name="java.vm.info" value="mixed mode, sharing"/>
    <property name="java.version" value="15.0.1"/>
    <property name="securerandom.source" value="file:/dev/./urandom"/>
    <property name="java.vendor" value="Oracle Corporation"/>
    <property name="maven.home" value="/home/edison7905/Documentos/ideaIU/plugins/maven/lib/maven3"/>
    <property name="file.separator" value="/"/>
    <property name="java.version.date" value="2020-10-20"/>
    <property name="java.vendor.url.bug" value="https://bugreport.java.com/bugreport/"/>
    <property name="sun.io.unicode.encoding" value="UnicodeLittle"/>
    <property name="sun.cpu.endian" value="little"/>
  </properties>
  <testcase classname="Testing.PedidoTest" name="given_objComprar_when_then_ok" time="1.769"/>
  <testcase classname="Testing.PedidoTest" name="given_objComprar_when_then_false" time="0.003"/>
  <testcase classname="Testing.PedidoTest" name="given_objComprar_when_then_equals" time="0.004"/>
  <testcase classname="Testing.PedidoTest" name="given_objComprar_when_then_fail" time="0.002"/>
  <testcase classname="Testing.PedidoTest" name="given_objComprar_when_then_null" time="0.003"/>
  <testcase classname="Testing.PedidoTest" name="given_objComprar_when_then_true" time="0.002"/>
</testsuite>